Using genetic operators: [<bound method _CrossOver.split_and_glue_population of <GA.gavs.GA object at 0x7fc50328c9d0>>, <bound method _Mutation.random_mutate of <GA.gavs.GA object at 0x7fc50328c9d0>>].
Original pop_size is odd - new pop_size: 14
[iteration 1] score: 7216.3247 | [1 0 1 1 0 1 0 1 0]
[iteration 2] score: 7214.7446 | [0 0 1 1 0 1 1 1 1]
[iteration 3] score: 7213.0484 | [1 0 1 1 1 1 0 0 0]
[iteration 4] score: 7212.4563 | [0 0 1 1 1 0 0 1 0]
[iteration 5] score: 7212.0794 | [1 1 1 1 1 1 0 0 0]
[iteration 6] score: 7211.8692 | [0 0 1 1 1 1 0 0 0]
[iteration 7] score: 7211.8692 | [0 0 1 1 1 1 0 0 0]
[iteration 8] score: 7211.8692 | [0 0 1 1 1 1 0 0 0]
[iteration 9] score: 7210.4397 | [0 0 1 1 1 1 0 0 1]
[iteration 10] score: 7210.4397 | [0 0 1 1 1 1 0 0 1]
[iteration 11] score: 7210.4397 | [0 0 1 1 1 1 0 0 1]
[iteration 12] score: 7210.4397 | [0 0 1 1 1 1 0 0 1]
[iteration 13] score: 7210.4397 | [0 0 1 1 1 1 0 0 1]
[iteration 14] score: 7210.4397 | [0 0 1 1 1 1 0 0 1]
[iteration 15] score: 7210.4397 | [0 0 1 1 1 1 0 0 1]
[iteration 16] score: 7210.4397 | [0 0 1 1 1 1 0 0 1]
[iteration 17] score: 7210.4397 | [0 0 1 1 1 1 0 0 1]
[iteration 18] score: 7210.4397 | [0 0 1 1 1 1 0 0 1]
[iteration 19] score: 7210.4397 | [0 0 1 1 1 1 0 0 1]
[iteration 20] score: 7210.4397 | [0 0 1 1 1 1 0 0 1]
[iteration 21] score: 7210.4397 | [0 0 1 1 1 1 0 0 1]
[iteration 22] score: 7210.4397 | [0 0 1 1 1 1 0 0 1]
[iteration 23] score: 7210.4397 | [0 0 1 1 1 1 0 0 1]
[iteration 24] score: 7210.4397 | [0 0 1 1 1 1 0 0 1]
[iteration 25] score: 7210.4397 | [0 0 1 1 1 1 0 0 1]
[iteration 26] score: 7210.4397 | [0 0 1 1 1 1 0 0 1]
[iteration 27] score: 7210.4397 | [0 0 1 1 1 1 0 0 1]
[iteration 28] score: 7210.4397 | [0 0 1 1 1 1 0 0 1]
[iteration 29] score: 7210.4397 | [0 0 1 1 1 1 0 0 1]
[iteration 30] score: 7210.4397 | [0 0 1 1 1 1 0 0 1]
[iteration 31] score: 7210.4397 | [0 0 1 1 1 1 0 0 1]
[iteration 32] score: 7210.4397 | [0 0 1 1 1 1 0 0 1]
[iteration 33] score: 7210.4397 | [0 0 1 1 1 1 0 0 1]
[iteration 34] score: 7210.4397 | [0 0 1 1 1 1 0 0 1]
[iteration 35] score: 7210.4397 | [0 0 1 1 1 1 0 0 1]
[iteration 36] score: 7210.4397 | [0 0 1 1 1 1 0 0 1]
[iteration 37] score: 7210.4397 | [0 0 1 1 1 1 0 0 1]
[iteration 38] score: 7210.4397 | [0 0 1 1 1 1 0 0 1]
[iteration 39] score: 7210.4397 | [0 0 1 1 1 1 0 0 1]
[iteration 40] score: 7210.4397 | [0 0 1 1 1 1 0 0 1]
[iteration 41] score: 7210.4397 | [0 0 1 1 1 1 0 0 1]
[iteration 42] score: 7210.4397 | [0 0 1 1 1 1 0 0 1]
[iteration 43] score: 7210.4397 | [0 0 1 1 1 1 0 0 1]
[iteration 44] score: 7210.4397 | [0 0 1 1 1 1 0 0 1]
[iteration 45] score: 7210.4397 | [0 0 1 1 1 1 0 0 1]
[iteration 46] score: 7210.4397 | [0 0 1 1 1 1 0 0 1]
[iteration 47] score: 7210.4397 | [0 0 1 1 1 1 0 0 1]
[iteration 48] score: 7210.4397 | [0 0 1 1 1 1 0 0 1]
[iteration 49] score: 7210.4397 | [0 0 1 1 1 1 0 0 1]
[iteration 50] score: 7210.4397 | [0 0 1 1 1 1 0 0 1]
[iteration 51] score: 7210.4397 | [0 0 1 1 1 1 0 0 1]
[iteration 52] score: 7210.4397 | [0 0 1 1 1 1 0 0 1]
[iteration 53] score: 7210.4397 | [0 0 1 1 1 1 0 0 1]
[iteration 54] score: 7210.4397 | [0 0 1 1 1 1 0 0 1]
[iteration 55] score: 7210.4397 | [0 0 1 1 1 1 0 0 1]
[iteration 56] score: 7210.4397 | [0 0 1 1 1 1 0 0 1]
[iteration 57] score: 7210.4397 | [0 0 1 1 1 1 0 0 1]
[iteration 58] score: 7210.4397 | [0 0 1 1 1 1 0 0 1]
[iteration 59] score: 7210.4397 | [0 0 1 1 1 1 0 0 1]
[iteration 60] score: 7210.4397 | [0 0 1 1 1 1 0 0 1]
[iteration 61] score: 7210.4397 | [0 0 1 1 1 1 0 0 1]
[iteration 62] score: 7210.4397 | [0 0 1 1 1 1 0 0 1]
[iteration 63] score: 7210.4397 | [0 0 1 1 1 1 0 0 1]
[iteration 64] score: 7210.4397 | [0 0 1 1 1 1 0 0 1]
[iteration 65] score: 7210.4397 | [0 0 1 1 1 1 0 0 1]
[iteration 66] score: 7210.4397 | [0 0 1 1 1 1 0 0 1]
[iteration 67] score: 7210.4397 | [0 0 1 1 1 1 0 0 1]
[iteration 68] score: 7210.4397 | [0 0 1 1 1 1 0 0 1]
[iteration 69] score: 7210.4397 | [0 0 1 1 1 1 0 0 1]
[iteration 70] score: 7210.4397 | [0 0 1 1 1 1 0 0 1]
[iteration 71] score: 7210.4397 | [0 0 1 1 1 1 0 0 1]
[iteration 72] score: 7210.4397 | [0 0 1 1 1 1 0 0 1]
[iteration 73] score: 7210.4397 | [0 0 1 1 1 1 0 0 1]
[iteration 74] score: 7210.4397 | [0 0 1 1 1 1 0 0 1]
[iteration 75] score: 7210.4397 | [0 0 1 1 1 1 0 0 1]
[iteration 76] score: 7210.4397 | [0 0 1 1 1 1 0 0 1]
[iteration 77] score: 7210.4397 | [0 0 1 1 1 1 0 0 1]
[iteration 78] score: 7210.4397 | [0 0 1 1 1 1 0 0 1]
[iteration 79] score: 7210.4397 | [0 0 1 1 1 1 0 0 1]
[iteration 80] score: 7210.4397 | [0 0 1 1 1 1 0 0 1]
[iteration 81] score: 7210.4397 | [0 0 1 1 1 1 0 0 1]
[iteration 82] score: 7210.4397 | [0 0 1 1 1 1 0 0 1]
[iteration 83] score: 7210.4397 | [0 0 1 1 1 1 0 0 1]
[iteration 84] score: 7210.4397 | [0 0 1 1 1 1 0 0 1]
[iteration 85] score: 7210.4397 | [0 0 1 1 1 1 0 0 1]
[iteration 86] score: 7210.4397 | [0 0 1 1 1 1 0 0 1]
[iteration 87] score: 7210.4397 | [0 0 1 1 1 1 0 0 1]
[iteration 88] score: 7210.4397 | [0 0 1 1 1 1 0 0 1]
[iteration 89] score: 7210.4397 | [0 0 1 1 1 1 0 0 1]
[iteration 90] score: 7210.4397 | [0 0 1 1 1 1 0 0 1]
[iteration 91] score: 7210.4397 | [0 0 1 1 1 1 0 0 1]
[iteration 92] score: 7210.4397 | [0 0 1 1 1 1 0 0 1]
[iteration 93] score: 7210.4397 | [0 0 1 1 1 1 0 0 1]
[iteration 94] score: 7210.4397 | [0 0 1 1 1 1 0 0 1]
[iteration 95] score: 7210.4397 | [0 0 1 1 1 1 0 0 1]
[iteration 96] score: 7210.4397 | [0 0 1 1 1 1 0 0 1]
[iteration 97] score: 7210.4397 | [0 0 1 1 1 1 0 0 1]
[iteration 98] score: 7210.4397 | [0 0 1 1 1 1 0 0 1]
[iteration 99] score: 7210.4397 | [0 0 1 1 1 1 0 0 1]
[iteration 100] score: 7210.4397 | [0 0 1 1 1 1 0 0 1]
