Using genetic operators: [<bound method _CrossOver.split_and_glue_population of <GA.gavs.GA object at 0x7fa652875fd0>>, <bound method _Mutation.random_mutate of <GA.gavs.GA object at 0x7fa652875fd0>>].
Original pop_size is odd - new pop_size: 14
[iteration 1] score: -13761.7966 | [0 1 0 0 0 1 1 1 0]
[iteration 2] score: -13909.0596 | [1 0 1 0 1 1 1 1 1]
[iteration 3] score: -13909.0596 | [1 0 1 0 1 1 1 1 1]
[iteration 4] score: -13912.2192 | [0 0 0 0 1 1 1 1 1]
[iteration 5] score: -13909.0596 | [1 0 1 0 1 1 1 1 1]
[iteration 6] score: -13911.3113 | [1 0 0 0 0 1 1 1 1]
[iteration 7] score: -13912.1598 | [0 0 0 1 0 1 1 1 1]
[iteration 8] score: -13913.2919 | [0 0 0 0 0 1 1 1 1]
[iteration 9] score: -13913.2919 | [0 0 0 0 0 1 1 1 1]
[iteration 10] score: -13913.2919 | [0 0 0 0 0 1 1 1 1]
[iteration 11] score: -13913.2919 | [0 0 0 0 0 1 1 1 1]
[iteration 12] score: -13913.2919 | [0 0 0 0 0 1 1 1 1]
[iteration 13] score: -13913.2919 | [0 0 0 0 0 1 1 1 1]
[iteration 14] score: -13913.2919 | [0 0 0 0 0 1 1 1 1]
[iteration 15] score: -13913.2919 | [0 0 0 0 0 1 1 1 1]
[iteration 16] score: -13913.2919 | [0 0 0 0 0 1 1 1 1]
[iteration 17] score: -13913.2919 | [0 0 0 0 0 1 1 1 1]
[iteration 18] score: -13913.2919 | [0 0 0 0 0 1 1 1 1]
[iteration 19] score: -13913.2919 | [0 0 0 0 0 1 1 1 1]
[iteration 20] score: -13913.2919 | [0 0 0 0 0 1 1 1 1]
[iteration 21] score: -13913.2919 | [0 0 0 0 0 1 1 1 1]
[iteration 22] score: -13913.2919 | [0 0 0 0 0 1 1 1 1]
[iteration 23] score: -13913.2919 | [0 0 0 0 0 1 1 1 1]
[iteration 24] score: -13913.2919 | [0 0 0 0 0 1 1 1 1]
[iteration 25] score: -13913.2919 | [0 0 0 0 0 1 1 1 1]
[iteration 26] score: -13913.2919 | [0 0 0 0 0 1 1 1 1]
[iteration 27] score: -13913.2919 | [0 0 0 0 0 1 1 1 1]
[iteration 28] score: -13913.2919 | [0 0 0 0 0 1 1 1 1]
[iteration 29] score: -13913.2919 | [0 0 0 0 0 1 1 1 1]
[iteration 30] score: -13913.2919 | [0 0 0 0 0 1 1 1 1]
[iteration 31] score: -13913.2919 | [0 0 0 0 0 1 1 1 1]
[iteration 32] score: -13913.2919 | [0 0 0 0 0 1 1 1 1]
[iteration 33] score: -13913.2919 | [0 0 0 0 0 1 1 1 1]
[iteration 34] score: -13913.2919 | [0 0 0 0 0 1 1 1 1]
[iteration 35] score: -13913.2919 | [0 0 0 0 0 1 1 1 1]
[iteration 36] score: -13913.2919 | [0 0 0 0 0 1 1 1 1]
[iteration 37] score: -13913.2919 | [0 0 0 0 0 1 1 1 1]
[iteration 38] score: -13913.2919 | [0 0 0 0 0 1 1 1 1]
[iteration 39] score: -13913.2919 | [0 0 0 0 0 1 1 1 1]
[iteration 40] score: -13913.2919 | [0 0 0 0 0 1 1 1 1]
[iteration 41] score: -13913.2919 | [0 0 0 0 0 1 1 1 1]
[iteration 42] score: -13913.2919 | [0 0 0 0 0 1 1 1 1]
[iteration 43] score: -13913.2919 | [0 0 0 0 0 1 1 1 1]
[iteration 44] score: -13913.2919 | [0 0 0 0 0 1 1 1 1]
[iteration 45] score: -13913.2919 | [0 0 0 0 0 1 1 1 1]
[iteration 46] score: -13913.2919 | [0 0 0 0 0 1 1 1 1]
[iteration 47] score: -13913.2919 | [0 0 0 0 0 1 1 1 1]
[iteration 48] score: -13913.2919 | [0 0 0 0 0 1 1 1 1]
[iteration 49] score: -13913.2919 | [0 0 0 0 0 1 1 1 1]
[iteration 50] score: -13913.2919 | [0 0 0 0 0 1 1 1 1]
[iteration 51] score: -13913.2919 | [0 0 0 0 0 1 1 1 1]
[iteration 52] score: -13913.2919 | [0 0 0 0 0 1 1 1 1]
[iteration 53] score: -13913.2919 | [0 0 0 0 0 1 1 1 1]
[iteration 54] score: -13913.2919 | [0 0 0 0 0 1 1 1 1]
[iteration 55] score: -13913.2919 | [0 0 0 0 0 1 1 1 1]
[iteration 56] score: -13913.2919 | [0 0 0 0 0 1 1 1 1]
[iteration 57] score: -13913.2919 | [0 0 0 0 0 1 1 1 1]
[iteration 58] score: -13913.2919 | [0 0 0 0 0 1 1 1 1]
[iteration 59] score: -13913.2919 | [0 0 0 0 0 1 1 1 1]
[iteration 60] score: -13913.2919 | [0 0 0 0 0 1 1 1 1]
[iteration 61] score: -13913.2919 | [0 0 0 0 0 1 1 1 1]
[iteration 62] score: -13913.2919 | [0 0 0 0 0 1 1 1 1]
[iteration 63] score: -13913.2919 | [0 0 0 0 0 1 1 1 1]
[iteration 64] score: -13913.2919 | [0 0 0 0 0 1 1 1 1]
[iteration 65] score: -13913.2919 | [0 0 0 0 0 1 1 1 1]
[iteration 66] score: -13913.2919 | [0 0 0 0 0 1 1 1 1]
[iteration 67] score: -13913.2919 | [0 0 0 0 0 1 1 1 1]
[iteration 68] score: -13913.2919 | [0 0 0 0 0 1 1 1 1]
[iteration 69] score: -13913.2919 | [0 0 0 0 0 1 1 1 1]
[iteration 70] score: -13913.2919 | [0 0 0 0 0 1 1 1 1]
[iteration 71] score: -13913.2919 | [0 0 0 0 0 1 1 1 1]
[iteration 72] score: -13913.2919 | [0 0 0 0 0 1 1 1 1]
[iteration 73] score: -13913.2919 | [0 0 0 0 0 1 1 1 1]
[iteration 74] score: -13913.2919 | [0 0 0 0 0 1 1 1 1]
[iteration 75] score: -13913.2919 | [0 0 0 0 0 1 1 1 1]
[iteration 76] score: -13913.2919 | [0 0 0 0 0 1 1 1 1]
[iteration 77] score: -13913.2919 | [0 0 0 0 0 1 1 1 1]
[iteration 78] score: -13913.2919 | [0 0 0 0 0 1 1 1 1]
[iteration 79] score: -13913.2919 | [0 0 0 0 0 1 1 1 1]
[iteration 80] score: -13913.2919 | [0 0 0 0 0 1 1 1 1]
[iteration 81] score: -13913.2919 | [0 0 0 0 0 1 1 1 1]
[iteration 82] score: -13913.2919 | [0 0 0 0 0 1 1 1 1]
[iteration 83] score: -13913.2919 | [0 0 0 0 0 1 1 1 1]
[iteration 84] score: -13913.2919 | [0 0 0 0 0 1 1 1 1]
[iteration 85] score: -13913.2919 | [0 0 0 0 0 1 1 1 1]
[iteration 86] score: -13913.2919 | [0 0 0 0 0 1 1 1 1]
[iteration 87] score: -13913.2919 | [0 0 0 0 0 1 1 1 1]
[iteration 88] score: -13913.2919 | [0 0 0 0 0 1 1 1 1]
[iteration 89] score: -13913.2919 | [0 0 0 0 0 1 1 1 1]
[iteration 90] score: -13913.2919 | [0 0 0 0 0 1 1 1 1]
[iteration 91] score: -13913.2919 | [0 0 0 0 0 1 1 1 1]
[iteration 92] score: -13913.2919 | [0 0 0 0 0 1 1 1 1]
[iteration 93] score: -13913.2919 | [0 0 0 0 0 1 1 1 1]
[iteration 94] score: -13913.2919 | [0 0 0 0 0 1 1 1 1]
[iteration 95] score: -13913.2919 | [0 0 0 0 0 1 1 1 1]
[iteration 96] score: -13913.2919 | [0 0 0 0 0 1 1 1 1]
[iteration 97] score: -13913.2919 | [0 0 0 0 0 1 1 1 1]
[iteration 98] score: -13913.2919 | [0 0 0 0 0 1 1 1 1]
[iteration 99] score: -13913.2919 | [0 0 0 0 0 1 1 1 1]
[iteration 100] score: -13913.2919 | [0 0 0 0 0 1 1 1 1]
