Using genetic operators: [<bound method _CrossOver.split_and_glue_population of <GA.gavs.GA object at 0x7fac4a9c5fd0>>, <bound method _Mutation.random_mutate of <GA.gavs.GA object at 0x7fac4a9c5fd0>>].
Original pop_size is odd - new pop_size: 20
[iteration 1] score: 3066.5953 | [0 0 1 1 0 1 0 1 0 0 1 1 1]
[iteration 2] score: 3066.5953 | [0 0 1 1 0 1 0 1 0 0 1 1 1]
[iteration 3] score: 3038.0684 | [1 0 1 1 1 1 0 1 1 0 1 1 1]
[iteration 4] score: 3040.2025 | [0 1 0 1 1 1 0 1 1 0 1 1 1]
[iteration 5] score: 3040.2025 | [0 1 0 1 1 1 0 1 1 0 1 1 1]
[iteration 6] score: 3040.2025 | [0 1 0 1 1 1 0 1 1 0 1 1 1]
[iteration 7] score: 3040.2025 | [0 1 0 1 1 1 0 1 1 0 1 1 1]
[iteration 8] score: 3040.2025 | [0 1 0 1 1 1 0 1 1 0 1 1 1]
[iteration 9] score: 3032.0687 | [1 1 0 1 1 1 0 1 1 0 1 1 1]
[iteration 10] score: 3040.2025 | [0 1 0 1 1 1 0 1 1 0 1 1 1]
[iteration 11] score: 3040.2025 | [0 1 0 1 1 1 0 1 1 0 1 1 1]
[iteration 12] score: 3040.2025 | [0 1 0 1 1 1 0 1 1 0 1 1 1]
[iteration 13] score: 3040.2025 | [0 1 0 1 1 1 0 1 1 0 1 1 1]
[iteration 14] score: 3040.2025 | [0 1 0 1 1 1 0 1 1 0 1 1 1]
[iteration 15] score: 3040.2025 | [0 1 0 1 1 1 0 1 1 0 1 1 1]
[iteration 16] score: 3040.2025 | [0 1 0 1 1 1 0 1 1 0 1 1 1]
[iteration 17] score: 3040.2025 | [0 1 0 1 1 1 0 1 1 0 1 1 1]
[iteration 18] score: 3030.8085 | [0 1 0 1 1 1 0 1 1 1 1 1 1]
[iteration 19] score: 3030.8085 | [0 1 0 1 1 1 0 1 1 1 1 1 1]
[iteration 20] score: 3030.8085 | [0 1 0 1 1 1 0 1 1 1 1 1 1]
[iteration 21] score: 3030.8085 | [0 1 0 1 1 1 0 1 1 1 1 1 1]
[iteration 22] score: 3021.7264 | [1 1 0 1 1 1 0 1 1 1 1 1 1]
[iteration 23] score: 3021.7264 | [1 1 0 1 1 1 0 1 1 1 1 1 1]
[iteration 24] score: 3021.7264 | [1 1 0 1 1 1 0 1 1 1 1 1 1]
[iteration 25] score: 3021.7264 | [1 1 0 1 1 1 0 1 1 1 1 1 1]
[iteration 26] score: 3021.7264 | [1 1 0 1 1 1 0 1 1 1 1 1 1]
[iteration 27] score: 3021.7264 | [1 1 0 1 1 1 0 1 1 1 1 1 1]
[iteration 28] score: 3021.7264 | [1 1 0 1 1 1 0 1 1 1 1 1 1]
[iteration 29] score: 3021.7264 | [1 1 0 1 1 1 0 1 1 1 1 1 1]
[iteration 30] score: 3021.7264 | [1 1 0 1 1 1 0 1 1 1 1 1 1]
[iteration 31] score: 3021.7264 | [1 1 0 1 1 1 0 1 1 1 1 1 1]
[iteration 32] score: 3021.7264 | [1 1 0 1 1 1 0 1 1 1 1 1 1]
[iteration 33] score: 3021.7264 | [1 1 0 1 1 1 0 1 1 1 1 1 1]
[iteration 34] score: 3021.7264 | [1 1 0 1 1 1 0 1 1 1 1 1 1]
[iteration 35] score: 3021.7264 | [1 1 0 1 1 1 0 1 1 1 1 1 1]
[iteration 36] score: 3021.7264 | [1 1 0 1 1 1 0 1 1 1 1 1 1]
[iteration 37] score: 3021.7264 | [1 1 0 1 1 1 0 1 1 1 1 1 1]
[iteration 38] score: 3021.7264 | [1 1 0 1 1 1 0 1 1 1 1 1 1]
[iteration 39] score: 3021.7264 | [1 1 0 1 1 1 0 1 1 1 1 1 1]
[iteration 40] score: 3021.7264 | [1 1 0 1 1 1 0 1 1 1 1 1 1]
[iteration 41] score: 3021.7264 | [1 1 0 1 1 1 0 1 1 1 1 1 1]
[iteration 42] score: 3021.7264 | [1 1 0 1 1 1 0 1 1 1 1 1 1]
[iteration 43] score: 3021.7264 | [1 1 0 1 1 1 0 1 1 1 1 1 1]
[iteration 44] score: 3021.7264 | [1 1 0 1 1 1 0 1 1 1 1 1 1]
[iteration 45] score: 3021.7264 | [1 1 0 1 1 1 0 1 1 1 1 1 1]
[iteration 46] score: 3021.7264 | [1 1 0 1 1 1 0 1 1 1 1 1 1]
[iteration 47] score: 3021.7264 | [1 1 0 1 1 1 0 1 1 1 1 1 1]
[iteration 48] score: 3021.7264 | [1 1 0 1 1 1 0 1 1 1 1 1 1]
[iteration 49] score: 3021.7264 | [1 1 0 1 1 1 0 1 1 1 1 1 1]
[iteration 50] score: 3021.7264 | [1 1 0 1 1 1 0 1 1 1 1 1 1]
[iteration 51] score: 3021.7264 | [1 1 0 1 1 1 0 1 1 1 1 1 1]
[iteration 52] score: 3021.7264 | [1 1 0 1 1 1 0 1 1 1 1 1 1]
[iteration 53] score: 3021.7264 | [1 1 0 1 1 1 0 1 1 1 1 1 1]
[iteration 54] score: 3021.7264 | [1 1 0 1 1 1 0 1 1 1 1 1 1]
[iteration 55] score: 3021.7264 | [1 1 0 1 1 1 0 1 1 1 1 1 1]
[iteration 56] score: 3021.7264 | [1 1 0 1 1 1 0 1 1 1 1 1 1]
[iteration 57] score: 3021.7264 | [1 1 0 1 1 1 0 1 1 1 1 1 1]
[iteration 58] score: 3021.7264 | [1 1 0 1 1 1 0 1 1 1 1 1 1]
[iteration 59] score: 3021.7264 | [1 1 0 1 1 1 0 1 1 1 1 1 1]
[iteration 60] score: 3021.7264 | [1 1 0 1 1 1 0 1 1 1 1 1 1]
[iteration 61] score: 3021.7264 | [1 1 0 1 1 1 0 1 1 1 1 1 1]
[iteration 62] score: 3021.7264 | [1 1 0 1 1 1 0 1 1 1 1 1 1]
[iteration 63] score: 3021.7264 | [1 1 0 1 1 1 0 1 1 1 1 1 1]
[iteration 64] score: 3021.7264 | [1 1 0 1 1 1 0 1 1 1 1 1 1]
[iteration 65] score: 3021.7264 | [1 1 0 1 1 1 0 1 1 1 1 1 1]
[iteration 66] score: 3021.7264 | [1 1 0 1 1 1 0 1 1 1 1 1 1]
[iteration 67] score: 3021.7264 | [1 1 0 1 1 1 0 1 1 1 1 1 1]
[iteration 68] score: 3021.7264 | [1 1 0 1 1 1 0 1 1 1 1 1 1]
[iteration 69] score: 3021.7264 | [1 1 0 1 1 1 0 1 1 1 1 1 1]
[iteration 70] score: 3021.7264 | [1 1 0 1 1 1 0 1 1 1 1 1 1]
[iteration 71] score: 3021.7264 | [1 1 0 1 1 1 0 1 1 1 1 1 1]
[iteration 72] score: 3021.7264 | [1 1 0 1 1 1 0 1 1 1 1 1 1]
[iteration 73] score: 3021.7264 | [1 1 0 1 1 1 0 1 1 1 1 1 1]
[iteration 74] score: 3021.7264 | [1 1 0 1 1 1 0 1 1 1 1 1 1]
[iteration 75] score: 3021.7264 | [1 1 0 1 1 1 0 1 1 1 1 1 1]
[iteration 76] score: 3021.7264 | [1 1 0 1 1 1 0 1 1 1 1 1 1]
[iteration 77] score: 3021.7264 | [1 1 0 1 1 1 0 1 1 1 1 1 1]
[iteration 78] score: 3021.7264 | [1 1 0 1 1 1 0 1 1 1 1 1 1]
[iteration 79] score: 3021.7264 | [1 1 0 1 1 1 0 1 1 1 1 1 1]
[iteration 80] score: 3021.7264 | [1 1 0 1 1 1 0 1 1 1 1 1 1]
[iteration 81] score: 3021.7264 | [1 1 0 1 1 1 0 1 1 1 1 1 1]
[iteration 82] score: 3021.7264 | [1 1 0 1 1 1 0 1 1 1 1 1 1]
[iteration 83] score: 3021.7264 | [1 1 0 1 1 1 0 1 1 1 1 1 1]
[iteration 84] score: 3021.7264 | [1 1 0 1 1 1 0 1 1 1 1 1 1]
[iteration 85] score: 3021.7264 | [1 1 0 1 1 1 0 1 1 1 1 1 1]
[iteration 86] score: 3021.7264 | [1 1 0 1 1 1 0 1 1 1 1 1 1]
[iteration 87] score: 3021.7264 | [1 1 0 1 1 1 0 1 1 1 1 1 1]
[iteration 88] score: 3021.7264 | [1 1 0 1 1 1 0 1 1 1 1 1 1]
[iteration 89] score: 3021.7264 | [1 1 0 1 1 1 0 1 1 1 1 1 1]
[iteration 90] score: 3021.7264 | [1 1 0 1 1 1 0 1 1 1 1 1 1]
[iteration 91] score: 3021.7264 | [1 1 0 1 1 1 0 1 1 1 1 1 1]
[iteration 92] score: 3021.7264 | [1 1 0 1 1 1 0 1 1 1 1 1 1]
[iteration 93] score: 3021.7264 | [1 1 0 1 1 1 0 1 1 1 1 1 1]
[iteration 94] score: 3021.7264 | [1 1 0 1 1 1 0 1 1 1 1 1 1]
[iteration 95] score: 3021.7264 | [1 1 0 1 1 1 0 1 1 1 1 1 1]
[iteration 96] score: 3021.7264 | [1 1 0 1 1 1 0 1 1 1 1 1 1]
[iteration 97] score: 3021.7264 | [1 1 0 1 1 1 0 1 1 1 1 1 1]
[iteration 98] score: 3021.7264 | [1 1 0 1 1 1 0 1 1 1 1 1 1]
[iteration 99] score: 3021.7264 | [1 1 0 1 1 1 0 1 1 1 1 1 1]
[iteration 100] score: 3021.7264 | [1 1 0 1 1 1 0 1 1 1 1 1 1]
